<?xml version="1.0" encoding="UTF-8"?>
<testng-results ignored="0" total="1" passed="1" failed="0" skipped="0">
  <reporter-output>
  </reporter-output>
  <suite started-at="2023-10-07T13:46:13 IST" name="Default suite" finished-at="2023-10-07T13:46:13 IST" duration-ms="114">
    <groups>
    </groups>
    <test started-at="2023-10-07T13:46:13 IST" name="Default test" finished-at="2023-10-07T13:46:13 IST" duration-ms="114">
      <class name="JAVA.Automation_Framework.TestNG_Test">
        <test-method signature="test()[pri:0, instance:JAVA.Automation_Framework.TestNG_Test@3d5c822d]" started-at="2023-10-07T13:46:13 IST" name="test" finished-at="2023-10-07T13:46:13 IST" duration-ms="32" status="PASS">
          <reporter-output>
          </reporter-output>
        </test-method> <!-- test -->
      </class> <!-- JAVA.Automation_Framework.TestNG_Test -->
    </test> <!-- Default test -->
  </suite> <!-- Default suite -->
</testng-results>
