<?xml version="1.0" encoding="UTF-8"?>
<!-- Generated by org.testng.reporters.JUnitXMLReporter -->
<testsuite ignored="0" hostname="BHAVNAWKS506" failures="0" tests="2" name="Error Validation Test" time="39.191" errors="0" timestamp="2024-09-04T16:57:59 IST">
  <testcase classname="mortgageCreditLink.CloudQA_EndToEnd.ErrorValidation" name="LoginErrorValidation" time="1.179"/>
  <testcase classname="mortgageCreditLink.CloudQA_EndToEnd.ErrorValidation" name="ProductErrorValidation" time="17.518"/>
</testsuite> <!-- Error Validation Test -->
