<?xml version="1.0" encoding="UTF-8"?>
<!-- Generated by org.testng.reporters.JUnitXMLReporter -->
<testsuite ignored="3" hostname="BHAVNAWKS506" failures="0" tests="2" name="Test" time="37.372" errors="0" timestamp="2024-08-28T19:36:03 IST">
  <testcase classname="mortgageCreditLink.CloudQA_EndToEnd.SubmitOrder" name="SubmitOrderTest" time="6.158"/>
  <testcase classname="mortgageCreditLink.CloudQA_EndToEnd.SubmitOrder" name="SubmitOrderTest" time="5.912"/>
  <testcase classname="mortgageCreditLink.CloudQA_EndToEnd.ErrorValidation" name="LoginErrorValidation" time="0.0">
    <ignored/>
  </testcase> <!-- LoginErrorValidation -->
  <testcase classname="mortgageCreditLink.CloudQA_EndToEnd.SubmitOrder" name="OrderHistoryTest" time="0.0">
    <ignored/>
  </testcase> <!-- OrderHistoryTest -->
  <testcase classname="mortgageCreditLink.CloudQA_EndToEnd.ErrorValidation" name="ProductErrorValidation" time="0.0">
    <ignored/>
  </testcase> <!-- ProductErrorValidation -->
</testsuite> <!-- Test -->
