<?xml version="1.0" encoding="UTF-8"?>
<!-- Generated by org.testng.reporters.JUnitXMLReporter -->
<testsuite ignored="0" hostname="BHAVNAWKS506" failures="0" tests="3" name="Submit Order Test" time="57.443" errors="0" timestamp="2024-09-05T00:00:18 IST">
  <testcase classname="mortgageCreditLink.CloudQA_EndToEnd.SubmitOrder" name="SubmitOrderTest" time="9.322"/>
  <testcase classname="mortgageCreditLink.CloudQA_EndToEnd.SubmitOrder" name="SubmitOrderTest" time="17.82"/>
  <testcase classname="mortgageCreditLink.CloudQA_EndToEnd.SubmitOrder" name="OrderHistoryTest" time="1.961"/>
</testsuite> <!-- Submit Order Test -->
