<?xml version="1.0" encoding="UTF-8"?>
<!-- Generated by org.testng.reporters.JUnitXMLReporter -->
<testsuite ignored="3" hostname="BHAVNAWKS506" failures="0" tests="1" name="Test" time="12.613" errors="0" timestamp="2024-09-04T23:23:06 IST">
  <testcase classname="mortgageCreditLink.CloudQA_EndToEnd.ErrorValidation" name="LoginErrorValidation" time="0.874"/>
  <testcase classname="mortgageCreditLink.CloudQA_EndToEnd.SubmitOrder" name="SubmitOrderTest" time="0.0">
    <ignored/>
  </testcase> <!-- SubmitOrderTest -->
  <testcase classname="mortgageCreditLink.CloudQA_EndToEnd.SubmitOrder" name="OrderHistoryTest" time="0.0">
    <ignored/>
  </testcase> <!-- OrderHistoryTest -->
  <testcase classname="mortgageCreditLink.CloudQA_EndToEnd.ErrorValidation" name="ProductErrorValidation" time="0.0">
    <ignored/>
  </testcase> <!-- ProductErrorValidation -->
</testsuite> <!-- Test -->
